1624069984658	geckodriver	INFO	Listening on 127.0.0.1:60651
1624069985584	mozrunner::runner	INFO	Running command: "/Applications/Firefox.app/Contents/MacOS/firefox-bin" "--marionette" "-foreground" "-no-remote" "-profile" "/var/folders/6b/n2m1175d4ps2279bx2kccbyr0000gn/T/rust_mozprofileL55nuF"
1624069990875	Marionette	INFO	Marionette enabled
console.warn: SearchSettings: "get: No settings file exists, new profile?" (new NotFoundError("Could not open the file at /var/folders/6b/n2m1175d4ps2279bx2kccbyr0000gn/T/rust_mozprofileL55nuF/search.json.mozlz4", (void 0)))
1624069993586	Marionette	INFO	Listening on port 60658
1624070041473	geckodriver	INFO	Listening on 127.0.0.1:60715
1624070042488	mozrunner::runner	INFO	Running command: "/Applications/Firefox.app/Contents/MacOS/firefox-bin" "--marionette" "-foreground" "-no-remote" "-profile" "/var/folders/6b/n2m1175d4ps2279bx2kccbyr0000gn/T/rust_mozprofileDWZsWL"
1624070043337	Marionette	INFO	Marionette enabled
console.warn: SearchSettings: "get: No settings file exists, new profile?" (new NotFoundError("Could not open the file at /var/folders/6b/n2m1175d4ps2279bx2kccbyr0000gn/T/rust_mozprofileDWZsWL/search.json.mozlz4", (void 0)))
1624070045426	Marionette	INFO	Listening on port 60723
1624070045500	Marionette	WARN	TLS certificate errors will be ignored for this session
1624070063379	Marionette	INFO	Stopped listening on port 60723

###!!! [Parent][RunMessage] Error: Channel closing: too late to send/recv, messages will be lost

1624070190524	geckodriver	INFO	Listening on 127.0.0.1:60853
1624070191540	mozrunner::runner	INFO	Running command: "/Applications/Firefox.app/Contents/MacOS/firefox-bin" "--marionette" "-foreground" "-no-remote" "-profile" "/var/folders/6b/n2m1175d4ps2279bx2kccbyr0000gn/T/rust_mozprofiledj4BDc"
1624070192178	Marionette	INFO	Marionette enabled
console.warn: SearchSettings: "get: No settings file exists, new profile?" (new NotFoundError("Could not open the file at /var/folders/6b/n2m1175d4ps2279bx2kccbyr0000gn/T/rust_mozprofiledj4BDc/search.json.mozlz4", (void 0)))
1624070194432	Marionette	INFO	Listening on port 60860
1624070194553	Marionette	WARN	TLS certificate errors will be ignored for this session
JavaScript error: resource://gre/actors/AutoCompleteChild.jsm, line 125: Error: Invalid autocomplete selectedIndex
JavaScript error: resource://gre/actors/AutoCompleteChild.jsm, line 125: Error: Invalid autocomplete selectedIndex
JavaScript error: resource://gre/modules/LoginManagerChild.jsm, line 194: NS_ERROR_XPC_JAVASCRIPT_ERROR_WITH_DETAILS: [JavaScript Error: "Invalid autocomplete selectedIndex" {file: "resource://gre/actors/AutoCompleteChild.jsm" line: 125}]'[JavaScript Error: "Invalid autocomplete selectedIndex" {file: "resource://gre/actors/AutoCompleteChild.jsm" line: 125}]' when calling method: [nsIAutoCompletePopup::selectedIndex]
1624070252536	Marionette	INFO	Stopped listening on port 60860

###!!! [Parent][RunMessage] Error: Channel closing: too late to send/recv, messages will be lost

